<?xml version="1.0" encoding="UTF-8"?>
<testng-results ignored="0" total="1" passed="1" failed="0" skipped="0">
  <reporter-output>
  </reporter-output>
  <suite started-at="2024-10-24T19:57:09 IST" name="Suite" finished-at="2024-10-24T19:57:35 IST" duration-ms="26562">
    <groups>
    </groups>
    <test started-at="2024-10-24T19:57:09 IST" name="Test" finished-at="2024-10-24T19:57:35 IST" duration-ms="26562">
      <class name="test.TC001_RegisterTest">
        <test-method is-config="true" signature="report()[pri:0, instance:test.TC001_RegisterTest@3fc2959f]" started-at="2024-10-24T19:57:08 IST" name="report" finished-at="2024-10-24T19:57:09 IST" duration-ms="1241" status="PASS">
          <reporter-output>
          </reporter-output>
        </test-method> <!-- report -->
        <test-method is-config="true" signature="setup()[pri:0, instance:test.TC001_RegisterTest@3fc2959f]" started-at="2024-10-24T19:57:09 IST" name="setup" finished-at="2024-10-24T19:57:09 IST" duration-ms="1" status="PASS">
          <reporter-output>
          </reporter-output>
        </test-method> <!-- setup -->
        <test-method is-config="true" signature="launchBrowser()[pri:0, instance:test.TC001_RegisterTest@3fc2959f]" started-at="2024-10-24T19:57:14 IST" name="launchBrowser" finished-at="2024-10-24T19:57:28 IST" duration-ms="14564" status="PASS">
          <reporter-output>
          </reporter-output>
        </test-method> <!-- launchBrowser -->
        <test-method signature="registerTest(java.lang.String,java.lang.String,java.lang.String,java.lang.String,java.lang.String)[pri:0, instance:test.TC001_RegisterTest@3fc2959f]" started-at="2024-10-24T19:57:28 IST" name="registerTest" data-provider="ReadData" finished-at="2024-10-24T19:57:33 IST" duration-ms="5287" status="PASS">
          <params>
            <param index="0">
              <value>
                <![CDATA[Leema]]>
              </value>
            </param>
            <param index="1">
              <value>
                <![CDATA[Jose]]>
              </value>
            </param>
            <param index="2">
              <value>
                <![CDATA[lee@gmail.com]]>
              </value>
            </param>
            <param index="3">
              <value>
                <![CDATA[lee.123]]>
              </value>
            </param>
            <param index="4">
              <value>
                <![CDATA[lee.123]]>
              </value>
            </param>
          </params>
          <reporter-output>
          </reporter-output>
        </test-method> <!-- registerTest -->
        <test-method is-config="true" signature="closeBrowser()[pri:0, instance:test.TC001_RegisterTest@3fc2959f]" started-at="2024-10-24T19:57:33 IST" name="closeBrowser" finished-at="2024-10-24T19:57:34 IST" duration-ms="685" status="PASS">
          <reporter-output>
          </reporter-output>
        </test-method> <!-- closeBrowser -->
        <test-method is-config="true" signature="reportClose()[pri:0, instance:test.TC001_RegisterTest@3fc2959f]" started-at="2024-10-24T19:57:34 IST" name="reportClose" finished-at="2024-10-24T19:57:35 IST" duration-ms="1248" status="PASS">
          <reporter-output>
          </reporter-output>
        </test-method> <!-- reportClose -->
      </class> <!-- test.TC001_RegisterTest -->
    </test> <!-- Test -->
  </suite> <!-- Suite -->
</testng-results>
